1685054281731	geckodriver	INFO	Listening on 127.0.0.1:52791
1685054282183	mozrunner::runner	INFO	Running command: "/snap/firefox/current/firefox.launcher" "--marionette" "-headless" "--remote-debugging-port" "39285" "--remote-allow-hosts" "localhost" "-no-remote" "-profile" "/tmp/rust_mozprofileENI3sB"
*** You are running in headless mode.
Gtk-Message: 18:38:02.200: Not loading module "atk-bridge": The functionality is provided by GTK natively. Please try to not load it.
console.warn: services.settings: Ignoring preference override of remote settings server
console.warn: services.settings: Allow by setting MOZ_REMOTE_SETTINGS_DEVTOOLS=1 in the environment
1685054282502	Marionette	INFO	Marionette enabled
1685054282503	Marionette	INFO	Listening on port 36501
Read port: 36501
WebDriver BiDi listening on ws://127.0.0.1:39285
1685054282717	RemoteAgent	WARN	TLS certificate errors will be ignored for this session
[GFX1-]: RenderCompositorSWGL failed mapping default framebuffer, no dt
console.error: ({})
[ERROR glean_core] Error setting metrics feature config: Json(Error("EOF while parsing a value", line: 1, column: 0))
DevTools listening on ws://127.0.0.1:39285/devtools/browser/cc9e1fd5-d2ad-465e-90d9-f23ca1cef92e
console.error: (new TypeError("this._searchProviderInfo is null", "resource:///modules/SearchSERPTelemetry.sys.mjs", 502))
console.error: (new TypeError("linkMap is undefined", "resource://gre/modules/NewTabUtils.sys.mjs", 2019))
console.error: (new TypeError("this._searchProviderInfo is null", "resource:///modules/SearchSERPTelemetry.sys.mjs", 502))
ALSA lib conf.c:4120:(snd_config_update_r) Cannot access file /usr/share/alsa/alsa.conf
ALSA lib seq.c:935:(snd_seq_open_noupdate) Unknown SEQ default
console.error: "update.locale" " file doesn't exist in either the application or GRE directories"
1685054319502	geckodriver	INFO	Listening on 127.0.0.1:41773
1685054319828	mozrunner::runner	INFO	Running command: "/snap/firefox/current/firefox.launcher" "--marionette" "-headless" "--remote-debugging-port" "48009" "--remote-allow-hosts" "localhost" "-no-remote" "-profile" "/tmp/rust_mozprofileaZSnmZ"
*** You are running in headless mode.
Gtk-Message: 18:38:39.849: Not loading module "atk-bridge": The functionality is provided by GTK natively. Please try to not load it.
console.warn: services.settings: Ignoring preference override of remote settings server
console.warn: services.settings: Allow by setting MOZ_REMOTE_SETTINGS_DEVTOOLS=1 in the environment
1685054320438	Marionette	INFO	Marionette enabled
1685054320440	Marionette	INFO	Listening on port 35669
Read port: 35669
WebDriver BiDi listening on ws://127.0.0.1:48009
1685054322010	RemoteAgent	WARN	TLS certificate errors will be ignored for this session
[GFX1-]: RenderCompositorSWGL failed mapping default framebuffer, no dt
console.error: ({})
[ERROR glean_core] Error setting metrics feature config: Json(Error("EOF while parsing a value", line: 1, column: 0))
console.error: Region.sys.mjs: "Error fetching region" (new Error("TIMEOUT", "resource://gre/modules/Region.sys.mjs", 762))
console.error: Region.sys.mjs: "Failed to fetch region" (new Error("TIMEOUT", "resource://gre/modules/Region.sys.mjs", 414))
DevTools listening on ws://127.0.0.1:48009/devtools/browser/af17188d-d1e7-4769-a1ff-847b68409efe
console.error: (new TypeError("this._searchProviderInfo is null", "resource:///modules/SearchSERPTelemetry.sys.mjs", 502))
console.error: (new TypeError("this._searchProviderInfo is null", "resource:///modules/SearchSERPTelemetry.sys.mjs", 502))
ALSA lib conf.c:4120:(snd_config_update_r) Cannot access file /usr/share/alsa/alsa.conf
ALSA lib seq.c:935:(snd_seq_open_noupdate) Unknown SEQ default
console.error: "update.locale" " file doesn't exist in either the application or GRE directories"
1685054383654	geckodriver	INFO	Listening on 127.0.0.1:45247
1685054384065	mozrunner::runner	INFO	Running command: "/snap/firefox/current/firefox.launcher" "--marionette" "-headless" "--remote-debugging-port" "41949" "--remote-allow-hosts" "localhost" "-no-remote" "-profile" "/tmp/rust_mozprofileTym2LO"
*** You are running in headless mode.
Gtk-Message: 18:39:44.081: Not loading module "atk-bridge": The functionality is provided by GTK natively. Please try to not load it.
console.warn: services.settings: Ignoring preference override of remote settings server
console.warn: services.settings: Allow by setting MOZ_REMOTE_SETTINGS_DEVTOOLS=1 in the environment
1685054385964	Marionette	INFO	Marionette enabled
1685054385966	Marionette	INFO	Listening on port 44957
Read port: 44957
WebDriver BiDi listening on ws://127.0.0.1:41949
1685054386025	RemoteAgent	WARN	TLS certificate errors will be ignored for this session
[GFX1-]: RenderCompositorSWGL failed mapping default framebuffer, no dt
console.error: Region.sys.mjs: "Error fetching region" (new Error("TIMEOUT", "resource://gre/modules/Region.sys.mjs", 762))
console.error: Region.sys.mjs: "Failed to fetch region" (new Error("TIMEOUT", "resource://gre/modules/Region.sys.mjs", 414))
console.error: ({})
[ERROR glean_core] Error setting metrics feature config: Json(Error("EOF while parsing a value", line: 1, column: 0))
DevTools listening on ws://127.0.0.1:41949/devtools/browser/ca492c1c-0753-4e34-ab7e-b78c26852a9d
ALSA lib conf.c:4120:(snd_config_update_r) Cannot access file /usr/share/alsa/alsa.conf
ALSA lib seq.c:935:(snd_seq_open_noupdate) Unknown SEQ default
console.error: "update.locale" " file doesn't exist in either the application or GRE directories"
1685054452821	geckodriver	INFO	Listening on 127.0.0.1:57333
1685054453200	mozrunner::runner	INFO	Running command: "/snap/firefox/current/firefox.launcher" "--marionette" "-headless" "--remote-debugging-port" "40525" "--remote-allow-hosts" "localhost" "-no-remote" "-profile" "/tmp/rust_mozprofileWRiWPp"
*** You are running in headless mode.
Gtk-Message: 18:40:53.216: Not loading module "atk-bridge": The functionality is provided by GTK natively. Please try to not load it.
console.warn: services.settings: Ignoring preference override of remote settings server
console.warn: services.settings: Allow by setting MOZ_REMOTE_SETTINGS_DEVTOOLS=1 in the environment
1685054454332	Marionette	INFO	Marionette enabled
1685054454334	Marionette	INFO	Listening on port 38687
Read port: 38687
WebDriver BiDi listening on ws://127.0.0.1:40525
1685054454477	RemoteAgent	WARN	TLS certificate errors will be ignored for this session
[GFX1-]: RenderCompositorSWGL failed mapping default framebuffer, no dt
console.error: ({})
[ERROR glean_core] Error setting metrics feature config: Json(Error("EOF while parsing a value", line: 1, column: 0))
console.error: Region.sys.mjs: "Error fetching region" (new AbortError("The operation was aborted. ", (void 0), 760))
console.error: Region.sys.mjs: "Failed to fetch region" (new Error("NO_RESULT", "resource://gre/modules/Region.sys.mjs", 414))
DevTools listening on ws://127.0.0.1:40525/devtools/browser/7e4c6293-65ea-4f97-bcab-f26e686e18e9
console.error: (new TypeError("this._searchProviderInfo is null", "resource:///modules/SearchSERPTelemetry.sys.mjs", 502))
ALSA lib conf.c:4120:(snd_config_update_r) Cannot access file /usr/share/alsa/alsa.conf
ALSA lib seq.c:935:(snd_seq_open_noupdate) Unknown SEQ default
console.error: "update.locale" " file doesn't exist in either the application or GRE directories"
1685054923113	geckodriver	INFO	Listening on 127.0.0.1:47399
1685054923428	mozrunner::runner	INFO	Running command: "/snap/firefox/current/firefox.launcher" "--marionette" "-headless" "--remote-debugging-port" "60477" "--remote-allow-hosts" "localhost" "-no-remote" "-profile" "/tmp/rust_mozprofileOLelQs"
*** You are running in headless mode.
Gtk-Message: 18:48:43.450: Not loading module "atk-bridge": The functionality is provided by GTK natively. Please try to not load it.
console.warn: services.settings: Ignoring preference override of remote settings server
console.warn: services.settings: Allow by setting MOZ_REMOTE_SETTINGS_DEVTOOLS=1 in the environment
1685054923720	Marionette	INFO	Marionette enabled
1685054923722	Marionette	INFO	Listening on port 32981
Read port: 32981
WebDriver BiDi listening on ws://127.0.0.1:60477
1685054923816	RemoteAgent	WARN	TLS certificate errors will be ignored for this session
[GFX1-]: RenderCompositorSWGL failed mapping default framebuffer, no dt
console.error: ({})
[ERROR glean_core] Error setting metrics feature config: Json(Error("EOF while parsing a value", line: 1, column: 0))
DevTools listening on ws://127.0.0.1:60477/devtools/browser/11d91d64-3084-42c8-80e8-ebb995a4637e
console.error: Region.sys.mjs: "Error fetching region" (new Error("TIMEOUT", "resource://gre/modules/Region.sys.mjs", 762))
console.error: Region.sys.mjs: "Failed to fetch region" (new Error("TIMEOUT", "resource://gre/modules/Region.sys.mjs", 414))
console.error: (new TypeError("this._searchProviderInfo is null", "resource:///modules/SearchSERPTelemetry.sys.mjs", 502))
ALSA lib conf.c:4120:(snd_config_update_r) Cannot access file /usr/share/alsa/alsa.conf
ALSA lib seq.c:935:(snd_seq_open_noupdate) Unknown SEQ default
1685054949165	geckodriver	INFO	Listening on 127.0.0.1:40895
1685054949332	mozrunner::runner	INFO	Running command: "/snap/firefox/current/firefox.launcher" "--marionette" "-headless" "--remote-debugging-port" "44501" "--remote-allow-hosts" "localhost" "-no-remote" "-profile" "/tmp/rust_mozprofileHSfQ50"
*** You are running in headless mode.
Gtk-Message: 18:49:09.350: Not loading module "atk-bridge": The functionality is provided by GTK natively. Please try to not load it.
console.warn: services.settings: Ignoring preference override of remote settings server
console.warn: services.settings: Allow by setting MOZ_REMOTE_SETTINGS_DEVTOOLS=1 in the environment
1685054949598	Marionette	INFO	Marionette enabled
1685054949600	Marionette	INFO	Listening on port 34531
Read port: 34531
WebDriver BiDi listening on ws://127.0.0.1:44501
1685054949901	RemoteAgent	WARN	TLS certificate errors will be ignored for this session
[GFX1-]: RenderCompositorSWGL failed mapping default framebuffer, no dt
console.error: ({})
[ERROR glean_core] Error setting metrics feature config: Json(Error("EOF while parsing a value", line: 1, column: 0))
console.error: "update.locale" " file doesn't exist in either the application or GRE directories"
console.error: Region.sys.mjs: "Error fetching region" (new AbortError("The operation was aborted. ", (void 0), 760))
console.error: Region.sys.mjs: "Failed to fetch region" (new Error("NO_RESULT", "resource://gre/modules/Region.sys.mjs", 414))
DevTools listening on ws://127.0.0.1:44501/devtools/browser/eb871439-5292-4294-a859-53dfb561faa2
console.error: (new TypeError("this._searchProviderInfo is null", "resource:///modules/SearchSERPTelemetry.sys.mjs", 502))
console.error: (new TypeError("linkMap is undefined", "resource://gre/modules/NewTabUtils.sys.mjs", 2019))
ALSA lib conf.c:4120:(snd_config_update_r) Cannot access file /usr/share/alsa/alsa.conf
ALSA lib seq.c:935:(snd_seq_open_noupdate) Unknown SEQ default
console.error: "update.locale" " file doesn't exist in either the application or GRE directories"
1685055023992	geckodriver	INFO	Listening on 127.0.0.1:43281
1685055024212	mozrunner::runner	INFO	Running command: "/snap/firefox/current/firefox.launcher" "--marionette" "-headless" "--remote-debugging-port" "53095" "--remote-allow-hosts" "localhost" "-no-remote" "-profile" "/tmp/rust_mozprofile2yFoP8"
*** You are running in headless mode.
Gtk-Message: 18:50:24.235: Not loading module "atk-bridge": The functionality is provided by GTK natively. Please try to not load it.
console.warn: services.settings: Ignoring preference override of remote settings server
console.warn: services.settings: Allow by setting MOZ_REMOTE_SETTINGS_DEVTOOLS=1 in the environment
1685055024600	Marionette	INFO	Marionette enabled
1685055024602	Marionette	INFO	Listening on port 44583
Read port: 44583
WebDriver BiDi listening on ws://127.0.0.1:53095
1685055024889	RemoteAgent	WARN	TLS certificate errors will be ignored for this session
[GFX1-]: RenderCompositorSWGL failed mapping default framebuffer, no dt
console.error: ({})
[ERROR glean_core] Error setting metrics feature config: Json(Error("EOF while parsing a value", line: 1, column: 0))
console.error: Region.sys.mjs: "Error fetching region" (new AbortError("The operation was aborted. ", (void 0), 760))
console.error: Region.sys.mjs: "Failed to fetch region" (new Error("NO_RESULT", "resource://gre/modules/Region.sys.mjs", 414))
DevTools listening on ws://127.0.0.1:53095/devtools/browser/c3ef3a20-10e5-44ec-bbfa-a7dd2ede697f
console.error: (new TypeError("this._searchProviderInfo is null", "resource:///modules/SearchSERPTelemetry.sys.mjs", 502))
console.error: (new TypeError("linkMap is undefined", "resource://gre/modules/NewTabUtils.sys.mjs", 2019))
console.warn: LoginRecipes: "Falling back to a synchronous message for: http://crdd.osdd.net."
[Parent 153322, Main Thread] WARNING: g_object_get: assertion 'G_IS_OBJECT (object)' failed: 'glib warning', file /build/firefox/parts/firefox/build/toolkit/xre/nsSigHandlers.cpp:167

(firefox:153322): GLib-GObject-CRITICAL **: 18:50:43.065: g_object_get: assertion 'G_IS_OBJECT (object)' failed
console.warn: LoginRecipes: "Falling back to a synchronous message for: http://crdd.osdd.net."
ALSA lib conf.c:4120:(snd_config_update_r) Cannot access file /usr/share/alsa/alsa.conf
ALSA lib seq.c:935:(snd_seq_open_noupdate) Unknown SEQ default
[Parent 153322, Main Thread] WARNING: g_object_get: assertion 'G_IS_OBJECT (object)' failed: 'glib warning', file /build/firefox/parts/firefox/build/toolkit/xre/nsSigHandlers.cpp:167

(firefox:153322): GLib-GObject-CRITICAL **: 18:50:47.728: g_object_get: assertion 'G_IS_OBJECT (object)' failed
console.error: "update.locale" " file doesn't exist in either the application or GRE directories"
